============================= test session starts ==============================
platform linux -- Python 3.12.3, pytest-9.0.2, pluggy-1.6.0 -- /usr/bin/python3
cachedir: .pytest_cache
rootdir: /home/apexaipc/projects/yce-harness/generations/metroplex-ideaforge-113
collecting ... collected 75 items

tests/test_accounting.py::TestTimeTracker::test_initialization_default PASSED [  1%]
tests/test_accounting.py::TestTimeTracker::test_initialization_custom_idle PASSED [  2%]
tests/test_accounting.py::TestTimeTracker::test_initialization_from_env PASSED [  4%]
tests/test_accounting.py::TestTimeTracker::test_start_tracking PASSED    [  5%]
tests/test_accounting.py::TestTimeTracker::test_stop_tracking_returns_entry PASSED [  6%]
tests/test_accounting.py::TestTimeTracker::test_stop_tracking_without_start_returns_none PASSED [  8%]
tests/test_accounting.py::TestTimeTracker::test_duration_calculation PASSED [  9%]
tests/test_accounting.py::TestTimeTracker::test_get_current_duration_ms_active PASSED [ 10%]
tests/test_accounting.py::TestTimeTracker::test_get_current_duration_ms_inactive PASSED [ 12%]
tests/test_accounting.py::TestTimeTracker::test_is_idle_initially_true PASSED [ 13%]
tests/test_accounting.py::TestTimeTracker::test_is_idle_after_activity PASSED [ 14%]
tests/test_accounting.py::TestTimeTracker::test_is_idle_after_threshold PASSED [ 16%]
tests/test_accounting.py::TestTimeTracker::test_record_activity_resets_idle PASSED [ 17%]
tests/test_accounting.py::TestTimeTracker::test_multiple_project_switching PASSED [ 18%]
tests/test_accounting.py::TestTimeTracker::test_automatic_stop_on_new_start PASSED [ 20%]
tests/test_accounting.py::TestTimeTracker::test_get_entries_returns_copy PASSED [ 21%]
tests/test_accounting.py::TestTimeTracker::test_get_entries_accumulates PASSED [ 22%]
tests/test_accounting.py::TestTimeTracker::test_entry_timestamps_are_integers PASSED [ 24%]
tests/test_accounting.py::TestTimeTracker::test_entry_end_after_start PASSED [ 25%]
tests/test_accounting.py::TestTimeTracker::test_idle_threshold_zero PASSED [ 26%]
tests/test_accounting.py::TestTimeTracker::test_multiple_record_activity_calls PASSED [ 28%]
tests/test_detection.py::TestProjectDetector::test_vim_detection PASSED  [ 29%]
tests/test_detection.py::TestProjectDetector::test_vscode_detection PASSED [ 30%]
tests/test_detection.py::TestProjectDetector::test_terminal_detection PASSED [ 32%]
tests/test_detection.py::TestProjectDetector::test_github_detection PASSED [ 33%]
tests/test_detection.py::TestProjectDetector::test_browser_detection PASSED [ 34%]
tests/test_detection.py::TestProjectDetector::test_empty_and_none_inputs PASSED [ 36%]
tests/test_detection.py::TestProjectDetector::test_unknown_application PASSED [ 37%]
tests/test_detection.py::TestProjectDetector::test_custom_patterns_from_env PASSED [ 38%]
tests/test_detection.py::TestProjectDetector::test_pattern_priority PASSED [ 40%]
tests/test_detection.py::TestProjectDetector::test_invalid_custom_patterns PASSED [ 41%]
tests/test_detection.py::TestProjectDetector::test_ide_detection PASSED  [ 42%]
tests/test_detection.py::TestProjectDetector::test_communication_apps PASSED [ 44%]
tests/test_detection.py::TestProjectDetector::test_long_title_truncation PASSED [ 45%]
tests/test_detection.py::TestProjectDetector::test_special_characters_in_title PASSED [ 46%]
tests/test_detection.py::TestDataModels::test_project_creation PASSED    [ 48%]
tests/test_detection.py::TestDataModels::test_project_with_all_fields PASSED [ 49%]
tests/test_detection.py::TestDataModels::test_time_entry_creation PASSED [ 50%]
tests/test_detection.py::TestDataModels::test_time_entry_with_metadata PASSED [ 52%]
tests/test_storage.py::TestEncryptionHelper::test_encrypt_decrypt_roundtrip PASSED [ 53%]
tests/test_storage.py::TestEncryptionHelper::test_encrypt_empty_string PASSED [ 54%]
tests/test_storage.py::TestEncryptionHelper::test_encrypt_long_text PASSED [ 56%]
tests/test_storage.py::TestEncryptionHelper::test_decrypt_invalid_hex_raises_error PASSED [ 57%]
tests/test_storage.py::TestEncryptionHelper::test_different_keys_produce_different_ciphertext PASSED [ 58%]
tests/test_storage.py::TestStorageInMemory::test_initialization_memory PASSED [ 60%]
tests/test_storage.py::TestStorageInMemory::test_save_and_list_projects PASSED [ 61%]
tests/test_storage.py::TestStorageInMemory::test_save_project_with_color PASSED [ 62%]
tests/test_storage.py::TestStorageInMemory::test_save_project_empty_name_raises_error PASSED [ 64%]
tests/test_storage.py::TestStorageInMemory::test_get_project_exists PASSED [ 65%]
tests/test_storage.py::TestStorageInMemory::test_get_project_not_exists PASSED [ 66%]
tests/test_storage.py::TestStorageInMemory::test_delete_project_exists PASSED [ 68%]
tests/test_storage.py::TestStorageInMemory::test_delete_project_not_exists PASSED [ 69%]
tests/test_storage.py::TestStorageInMemory::test_replace_existing_project PASSED [ 70%]
tests/test_storage.py::TestStorageInMemory::test_list_projects_empty PASSED [ 72%]
tests/test_storage.py::TestStorageInMemory::test_save_time_entry PASSED  [ 73%]
tests/test_storage.py::TestStorageInMemory::test_save_time_entry_with_metadata PASSED [ 74%]
tests/test_storage.py::TestStorageInMemory::test_save_time_entry_empty_project_raises_error PASSED [ 76%]
tests/test_storage.py::TestStorageInMemory::test_save_time_entry_invalid_timestamp_raises_error PASSED [ 77%]
tests/test_storage.py::TestStorageInMemory::test_list_time_entries_by_project PASSED [ 78%]
tests/test_storage.py::TestStorageInMemory::test_list_time_entries_all PASSED [ 80%]
tests/test_storage.py::TestStorageInMemory::test_list_time_entries_empty PASSED [ 81%]
tests/test_storage.py::TestStorageInMemory::test_encryption_is_applied PASSED [ 82%]
tests/test_storage.py::TestStorageInMemory::test_time_entry_without_end_ts PASSED [ 84%]
tests/test_storage.py::TestStorageFileBased::test_initialization_with_file PASSED [ 85%]
tests/test_storage.py::TestStorageFileBased::test_initialization_creates_directory PASSED [ 86%]
tests/test_storage.py::TestStorageFileBased::test_persistence_across_sessions PASSED [ 88%]
tests/test_storage.py::TestStorageFileBased::test_initialization_from_env_variable PASSED [ 89%]
tests/test_storage.py::TestStorageFileBased::test_default_path_if_no_env PASSED [ 90%]
tests/test_storage.py::TestStorageEdgeCases::test_project_with_none_description PASSED [ 92%]
tests/test_storage.py::TestStorageEdgeCases::test_project_with_special_characters PASSED [ 93%]
tests/test_storage.py::TestStorageEdgeCases::test_project_list_sorted_by_name PASSED [ 94%]
tests/test_storage.py::TestStorageEdgeCases::test_time_entries_sorted_by_start_desc PASSED [ 96%]
tests/test_storage.py::TestStorageEdgeCases::test_close_is_idempotent PASSED [ 97%]
tests/test_storage.py::TestStorageEdgeCases::test_unicode_in_descriptions PASSED [ 98%]
tests/test_storage.py::TestStorageEdgeCases::test_time_entry_metadata_empty_dict PASSED [100%]

============================== 75 passed in 5.28s ==============================
